{"/Users/user/Desktop/blast-latest/blast.js/src/blast.js":{"path":"/Users/user/Desktop/blast-latest/blast.js/src/blast.js","s":{"1":1,"2":1,"3":1,"4":1,"5":40,"6":40,"7":69,"8":41,"9":1,"10":41,"11":41,"12":28,"13":40,"14":40,"15":40,"16":40,"17":40,"18":1,"19":1,"20":17,"21":17,"22":9,"23":1,"24":17,"25":1,"26":1,"27":1,"28":0,"29":17,"30":17,"31":1,"32":25,"33":25,"34":17,"35":17,"36":1,"37":4,"38":0,"39":4,"40":2,"41":2,"42":8,"43":2,"44":2,"45":1,"46":11,"47":11,"48":27,"49":27,"50":2,"51":2,"52":2,"53":2,"54":2,"55":8,"56":8,"57":8,"58":8,"59":25,"60":1,"61":3,"62":0,"63":3,"64":1,"65":1,"66":4,"67":1,"68":2,"69":1,"70":10,"71":10,"72":26,"73":26,"74":10,"75":1,"76":6,"77":6,"78":14,"79":14,"80":6,"81":1,"82":18,"83":2,"84":16,"85":1,"86":1,"87":1,"88":0,"89":1,"90":27,"91":27,"92":1,"93":2,"94":2,"95":1,"96":104,"97":1,"98":1,"99":1},"b":{"1":[1,1],"2":[41,28],"3":[69,41],"4":[9,8],"5":[0,17],"6":[1,0],"7":[17,0],"8":[17,17,17],"9":[9,8],"10":[0,4],"11":[2,2],"12":[3,8],"13":[27,0],"14":[2,25],"15":[2,2],"16":[0,3],"17":[1,2],"18":[26,0],"19":[14,0],"20":[2,16],"21":[1,0],"22":[24,3],"23":[104,104],"24":[1,0],"25":[1,1]},"f":{"1":1,"2":1,"3":40,"4":69,"5":0,"6":17,"7":1,"8":1,"9":25,"10":4,"11":11,"12":3,"13":10,"14":6,"15":18,"16":1,"17":27,"18":2,"19":104,"20":1},"fnMap":{"1":{"name":"(anonymous_1)","line":1,"loc":{"start":{"line":1,"column":1},"end":{"line":1,"column":39}}},"2":{"name":"(anonymous_2)","line":5,"loc":{"start":{"line":5,"column":1},"end":{"line":5,"column":29}}},"3":{"name":"(anonymous_3)","line":7,"loc":{"start":{"line":7,"column":20},"end":{"line":7,"column":35}}},"4":{"name":"(anonymous_4)","line":9,"loc":{"start":{"line":9,"column":12},"end":{"line":9,"column":30}}},"5":{"name":"(anonymous_5)","line":26,"loc":{"start":{"line":26,"column":25},"end":{"line":26,"column":40}}},"6":{"name":"(anonymous_6)","line":28,"loc":{"start":{"line":28,"column":14},"end":{"line":28,"column":42}}},"7":{"name":"(anonymous_7)","line":31,"loc":{"start":{"line":31,"column":23},"end":{"line":31,"column":46}}},"8":{"name":"(anonymous_8)","line":35,"loc":{"start":{"line":35,"column":60},"end":{"line":35,"column":72}}},"9":{"name":"(anonymous_9)","line":47,"loc":{"start":{"line":47,"column":17},"end":{"line":47,"column":46}}},"10":{"name":"(anonymous_10)","line":54,"loc":{"start":{"line":54,"column":17},"end":{"line":54,"column":33}}},"11":{"name":"(anonymous_11)","line":67,"loc":{"start":{"line":67,"column":14},"end":{"line":67,"column":37}}},"12":{"name":"(anonymous_12)","line":89,"loc":{"start":{"line":89,"column":14},"end":{"line":89,"column":31}}},"13":{"name":"observeObj","line":102,"loc":{"start":{"line":102,"column":1},"end":{"line":102,"column":24}}},"14":{"name":"toObj","line":111,"loc":{"start":{"line":111,"column":1},"end":{"line":111,"column":28}}},"15":{"name":"setval","line":120,"loc":{"start":{"line":120,"column":1},"end":{"line":120,"column":28}}},"16":{"name":"getval","line":127,"loc":{"start":{"line":127,"column":1},"end":{"line":127,"column":23}}},"17":{"name":"elem","line":133,"loc":{"start":{"line":133,"column":1},"end":{"line":133,"column":29}}},"18":{"name":"clear","line":137,"loc":{"start":{"line":137,"column":1},"end":{"line":137,"column":22}}},"19":{"name":"undef","line":142,"loc":{"start":{"line":142,"column":1},"end":{"line":142,"column":21}}},"20":{"name":"(anonymous_20)","line":148,"loc":{"start":{"line":148,"column":25},"end":{"line":148,"column":36}}}},"statementMap":{"1":{"start":{"line":1,"column":0},"end":{"line":152,"column":73}},"2":{"start":{"line":5,"column":0},"end":{"line":145,"column":22}},"3":{"start":{"line":6,"column":1},"end":{"line":6,"column":63}},"4":{"start":{"line":7,"column":1},"end":{"line":25,"column":3}},"5":{"start":{"line":8,"column":2},"end":{"line":8,"column":20}},"6":{"start":{"line":9,"column":2},"end":{"line":19,"column":4}},"7":{"start":{"line":10,"column":3},"end":{"line":17,"column":4}},"8":{"start":{"line":12,"column":4},"end":{"line":14,"column":5}},"9":{"start":{"line":13,"column":5},"end":{"line":13,"column":35}},"10":{"start":{"line":15,"column":4},"end":{"line":15,"column":21}},"11":{"start":{"line":16,"column":4},"end":{"line":16,"column":16}},"12":{"start":{"line":18,"column":3},"end":{"line":18,"column":18}},"13":{"start":{"line":20,"column":2},"end":{"line":20,"column":16}},"14":{"start":{"line":21,"column":2},"end":{"line":21,"column":17}},"15":{"start":{"line":22,"column":2},"end":{"line":22,"column":18}},"16":{"start":{"line":23,"column":2},"end":{"line":23,"column":11}},"17":{"start":{"line":24,"column":2},"end":{"line":24,"column":13}},"18":{"start":{"line":26,"column":1},"end":{"line":27,"column":3}},"19":{"start":{"line":28,"column":1},"end":{"line":46,"column":3}},"20":{"start":{"line":29,"column":2},"end":{"line":29,"column":21}},"21":{"start":{"line":30,"column":2},"end":{"line":34,"column":3}},"22":{"start":{"line":31,"column":3},"end":{"line":33,"column":6}},"23":{"start":{"line":32,"column":4},"end":{"line":32,"column":22}},"24":{"start":{"line":35,"column":2},"end":{"line":42,"column":12}},"25":{"start":{"line":36,"column":3},"end":{"line":36,"column":29}},"26":{"start":{"line":37,"column":3},"end":{"line":41,"column":4}},"27":{"start":{"line":38,"column":4},"end":{"line":38,"column":22}},"28":{"start":{"line":40,"column":4},"end":{"line":40,"column":23}},"29":{"start":{"line":43,"column":2},"end":{"line":45,"column":3}},"30":{"start":{"line":44,"column":3},"end":{"line":44,"column":58}},"31":{"start":{"line":47,"column":1},"end":{"line":53,"column":3}},"32":{"start":{"line":48,"column":2},"end":{"line":48,"column":38}},"33":{"start":{"line":49,"column":2},"end":{"line":52,"column":3}},"34":{"start":{"line":50,"column":3},"end":{"line":50,"column":19}},"35":{"start":{"line":51,"column":3},"end":{"line":51,"column":37}},"36":{"start":{"line":54,"column":1},"end":{"line":66,"column":3}},"37":{"start":{"line":55,"column":2},"end":{"line":57,"column":3}},"38":{"start":{"line":56,"column":3},"end":{"line":56,"column":15}},"39":{"start":{"line":58,"column":2},"end":{"line":64,"column":3}},"40":{"start":{"line":59,"column":3},"end":{"line":59,"column":21}},"41":{"start":{"line":60,"column":3},"end":{"line":62,"column":4}},"42":{"start":{"line":61,"column":4},"end":{"line":61,"column":39}},"43":{"start":{"line":63,"column":3},"end":{"line":63,"column":19}},"44":{"start":{"line":65,"column":2},"end":{"line":65,"column":26}},"45":{"start":{"line":67,"column":1},"end":{"line":87,"column":3}},"46":{"start":{"line":68,"column":2},"end":{"line":68,"column":34}},"47":{"start":{"line":69,"column":2},"end":{"line":86,"column":3}},"48":{"start":{"line":70,"column":3},"end":{"line":85,"column":4}},"49":{"start":{"line":71,"column":4},"end":{"line":84,"column":5}},"50":{"start":{"line":72,"column":5},"end":{"line":72,"column":24}},"51":{"start":{"line":73,"column":5},"end":{"line":73,"column":26}},"52":{"start":{"line":74,"column":5},"end":{"line":74,"column":75}},"53":{"start":{"line":75,"column":5},"end":{"line":75,"column":16}},"54":{"start":{"line":76,"column":5},"end":{"line":81,"column":6}},"55":{"start":{"line":77,"column":6},"end":{"line":77,"column":38}},"56":{"start":{"line":78,"column":6},"end":{"line":78,"column":28}},"57":{"start":{"line":79,"column":6},"end":{"line":79,"column":22}},"58":{"start":{"line":80,"column":6},"end":{"line":80,"column":28}},"59":{"start":{"line":83,"column":5},"end":{"line":83,"column":32}},"60":{"start":{"line":89,"column":1},"end":{"line":101,"column":3}},"61":{"start":{"line":90,"column":2},"end":{"line":92,"column":3}},"62":{"start":{"line":91,"column":3},"end":{"line":91,"column":15}},"63":{"start":{"line":93,"column":2},"end":{"line":99,"column":3}},"64":{"start":{"line":94,"column":3},"end":{"line":94,"column":14}},"65":{"start":{"line":95,"column":3},"end":{"line":97,"column":4}},"66":{"start":{"line":96,"column":4},"end":{"line":96,"column":28}},"67":{"start":{"line":98,"column":3},"end":{"line":98,"column":12}},"68":{"start":{"line":100,"column":2},"end":{"line":100,"column":22}},"69":{"start":{"line":102,"column":1},"end":{"line":110,"column":2}},"70":{"start":{"line":103,"column":2},"end":{"line":103,"column":33}},"71":{"start":{"line":104,"column":2},"end":{"line":108,"column":3}},"72":{"start":{"line":105,"column":3},"end":{"line":107,"column":4}},"73":{"start":{"line":106,"column":4},"end":{"line":106,"column":47}},"74":{"start":{"line":109,"column":2},"end":{"line":109,"column":18}},"75":{"start":{"line":111,"column":1},"end":{"line":119,"column":2}},"76":{"start":{"line":112,"column":2},"end":{"line":112,"column":15}},"77":{"start":{"line":113,"column":2},"end":{"line":117,"column":3}},"78":{"start":{"line":114,"column":3},"end":{"line":116,"column":4}},"79":{"start":{"line":115,"column":4},"end":{"line":115,"column":29}},"80":{"start":{"line":118,"column":2},"end":{"line":118,"column":13}},"81":{"start":{"line":120,"column":1},"end":{"line":126,"column":2}},"82":{"start":{"line":121,"column":2},"end":{"line":125,"column":3}},"83":{"start":{"line":122,"column":3},"end":{"line":122,"column":20}},"84":{"start":{"line":124,"column":3},"end":{"line":124,"column":24}},"85":{"start":{"line":127,"column":1},"end":{"line":132,"column":2}},"86":{"start":{"line":128,"column":2},"end":{"line":130,"column":3}},"87":{"start":{"line":129,"column":3},"end":{"line":129,"column":21}},"88":{"start":{"line":131,"column":2},"end":{"line":131,"column":24}},"89":{"start":{"line":133,"column":1},"end":{"line":136,"column":2}},"90":{"start":{"line":134,"column":2},"end":{"line":134,"column":35}},"91":{"start":{"line":135,"column":2},"end":{"line":135,"column":59}},"92":{"start":{"line":137,"column":1},"end":{"line":141,"column":2}},"93":{"start":{"line":138,"column":2},"end":{"line":140,"column":3}},"94":{"start":{"line":139,"column":6},"end":{"line":139,"column":40}},"95":{"start":{"line":142,"column":1},"end":{"line":144,"column":2}},"96":{"start":{"line":143,"column":2},"end":{"line":143,"column":54}},"97":{"start":{"line":147,"column":0},"end":{"line":151,"column":1}},"98":{"start":{"line":148,"column":4},"end":{"line":150,"column":7}},"99":{"start":{"line":149,"column":8},"end":{"line":149,"column":28}}},"branchMap":{"1":{"line":6,"type":"binary-expr","locations":[{"start":{"line":6,"column":28},"end":{"line":6,"column":40}},{"start":{"line":6,"column":44},"end":{"line":6,"column":46}}]},"2":{"line":10,"type":"if","locations":[{"start":{"line":10,"column":3},"end":{"line":10,"column":3}},{"start":{"line":10,"column":3},"end":{"line":10,"column":3}}]},"3":{"line":10,"type":"binary-expr","locations":[{"start":{"line":10,"column":7},"end":{"line":10,"column":21}},{"start":{"line":10,"column":25},"end":{"line":10,"column":45}}]},"4":{"line":30,"type":"if","locations":[{"start":{"line":30,"column":2},"end":{"line":30,"column":2}},{"start":{"line":30,"column":2},"end":{"line":30,"column":2}}]},"5":{"line":35,"type":"cond-expr","locations":[{"start":{"line":35,"column":37},"end":{"line":35,"column":47}},{"start":{"line":35,"column":50},"end":{"line":35,"column":58}}]},"6":{"line":37,"type":"if","locations":[{"start":{"line":37,"column":3},"end":{"line":37,"column":3}},{"start":{"line":37,"column":3},"end":{"line":37,"column":3}}]},"7":{"line":43,"type":"if","locations":[{"start":{"line":43,"column":2},"end":{"line":43,"column":2}},{"start":{"line":43,"column":2},"end":{"line":43,"column":2}}]},"8":{"line":43,"type":"binary-expr","locations":[{"start":{"line":43,"column":6},"end":{"line":43,"column":17}},{"start":{"line":43,"column":22},"end":{"line":43,"column":26}},{"start":{"line":43,"column":30},"end":{"line":43,"column":49}}]},"9":{"line":44,"type":"cond-expr","locations":[{"start":{"line":44,"column":33},"end":{"line":44,"column":44}},{"start":{"line":44,"column":47},"end":{"line":44,"column":56}}]},"10":{"line":55,"type":"if","locations":[{"start":{"line":55,"column":2},"end":{"line":55,"column":2}},{"start":{"line":55,"column":2},"end":{"line":55,"column":2}}]},"11":{"line":58,"type":"if","locations":[{"start":{"line":58,"column":2},"end":{"line":58,"column":2}},{"start":{"line":58,"column":2},"end":{"line":58,"column":2}}]},"12":{"line":68,"type":"cond-expr","locations":[{"start":{"line":68,"column":24},"end":{"line":68,"column":26}},{"start":{"line":68,"column":29},"end":{"line":68,"column":33}}]},"13":{"line":70,"type":"if","locations":[{"start":{"line":70,"column":3},"end":{"line":70,"column":3}},{"start":{"line":70,"column":3},"end":{"line":70,"column":3}}]},"14":{"line":71,"type":"if","locations":[{"start":{"line":71,"column":4},"end":{"line":71,"column":4}},{"start":{"line":71,"column":4},"end":{"line":71,"column":4}}]},"15":{"line":74,"type":"binary-expr","locations":[{"start":{"line":74,"column":17},"end":{"line":74,"column":38}},{"start":{"line":74,"column":42},"end":{"line":74,"column":57}}]},"16":{"line":90,"type":"if","locations":[{"start":{"line":90,"column":2},"end":{"line":90,"column":2}},{"start":{"line":90,"column":2},"end":{"line":90,"column":2}}]},"17":{"line":93,"type":"if","locations":[{"start":{"line":93,"column":2},"end":{"line":93,"column":2}},{"start":{"line":93,"column":2},"end":{"line":93,"column":2}}]},"18":{"line":105,"type":"if","locations":[{"start":{"line":105,"column":3},"end":{"line":105,"column":3}},{"start":{"line":105,"column":3},"end":{"line":105,"column":3}}]},"19":{"line":114,"type":"if","locations":[{"start":{"line":114,"column":3},"end":{"line":114,"column":3}},{"start":{"line":114,"column":3},"end":{"line":114,"column":3}}]},"20":{"line":121,"type":"if","locations":[{"start":{"line":121,"column":2},"end":{"line":121,"column":2}},{"start":{"line":121,"column":2},"end":{"line":121,"column":2}}]},"21":{"line":128,"type":"if","locations":[{"start":{"line":128,"column":2},"end":{"line":128,"column":2}},{"start":{"line":128,"column":2},"end":{"line":128,"column":2}}]},"22":{"line":134,"type":"cond-expr","locations":[{"start":{"line":134,"column":22},"end":{"line":134,"column":28}},{"start":{"line":134,"column":31},"end":{"line":134,"column":34}}]},"23":{"line":143,"type":"binary-expr","locations":[{"start":{"line":143,"column":9},"end":{"line":143,"column":21}},{"start":{"line":143,"column":25},"end":{"line":143,"column":53}}]},"24":{"line":147,"type":"if","locations":[{"start":{"line":147,"column":0},"end":{"line":147,"column":0}},{"start":{"line":147,"column":0},"end":{"line":147,"column":0}}]},"25":{"line":147,"type":"binary-expr","locations":[{"start":{"line":147,"column":5},"end":{"line":147,"column":33}},{"start":{"line":147,"column":37},"end":{"line":147,"column":47}}]}}}}