TN:
SF:/Users/user/Desktop/blast-latest/blast.js/src/blast.js
FN:1,(anonymous_1)
FN:5,(anonymous_2)
FN:7,(anonymous_3)
FN:9,(anonymous_4)
FN:26,(anonymous_5)
FN:28,(anonymous_6)
FN:31,(anonymous_7)
FN:35,(anonymous_8)
FN:47,(anonymous_9)
FN:54,(anonymous_10)
FN:67,(anonymous_11)
FN:89,(anonymous_12)
FN:102,observeObj
FN:111,toObj
FN:120,setval
FN:127,getval
FN:133,elem
FN:137,clear
FN:142,undef
FN:148,(anonymous_20)
FNF:20
FNH:19
FNDA:1,(anonymous_1)
FNDA:1,(anonymous_2)
FNDA:40,(anonymous_3)
FNDA:69,(anonymous_4)
FNDA:0,(anonymous_5)
FNDA:17,(anonymous_6)
FNDA:1,(anonymous_7)
FNDA:1,(anonymous_8)
FNDA:25,(anonymous_9)
FNDA:4,(anonymous_10)
FNDA:11,(anonymous_11)
FNDA:3,(anonymous_12)
FNDA:10,observeObj
FNDA:6,toObj
FNDA:18,setval
FNDA:1,getval
FNDA:27,elem
FNDA:2,clear
FNDA:104,undef
FNDA:1,(anonymous_20)
DA:1,1
DA:5,1
DA:6,1
DA:7,1
DA:8,40
DA:9,40
DA:10,69
DA:12,41
DA:13,1
DA:15,41
DA:16,41
DA:18,28
DA:20,40
DA:21,40
DA:22,40
DA:23,40
DA:24,40
DA:26,1
DA:28,1
DA:29,17
DA:30,17
DA:31,9
DA:32,1
DA:35,17
DA:36,1
DA:37,1
DA:38,1
DA:40,0
DA:43,17
DA:44,17
DA:47,1
DA:48,25
DA:49,25
DA:50,17
DA:51,17
DA:54,1
DA:55,4
DA:56,0
DA:58,4
DA:59,2
DA:60,2
DA:61,8
DA:63,2
DA:65,2
DA:67,1
DA:68,11
DA:69,11
DA:70,27
DA:71,27
DA:72,2
DA:73,2
DA:74,2
DA:75,2
DA:76,2
DA:77,8
DA:78,8
DA:79,8
DA:80,8
DA:83,25
DA:89,1
DA:90,3
DA:91,0
DA:93,3
DA:94,1
DA:95,1
DA:96,4
DA:98,1
DA:100,2
DA:102,1
DA:103,10
DA:104,10
DA:105,26
DA:106,26
DA:109,10
DA:111,1
DA:112,6
DA:113,6
DA:114,14
DA:115,14
DA:118,6
DA:120,1
DA:121,18
DA:122,2
DA:124,16
DA:127,1
DA:128,1
DA:129,1
DA:131,0
DA:133,1
DA:134,27
DA:135,27
DA:137,1
DA:138,2
DA:139,2
DA:142,1
DA:143,104
DA:147,1
DA:148,1
DA:149,1
LF:99
LH:95
BRDA:6,1,0,1
BRDA:6,1,1,1
BRDA:10,2,0,41
BRDA:10,2,1,28
BRDA:10,3,0,69
BRDA:10,3,1,41
BRDA:30,4,0,9
BRDA:30,4,1,8
BRDA:35,5,0,0
BRDA:35,5,1,17
BRDA:37,6,0,1
BRDA:37,6,1,0
BRDA:43,7,0,17
BRDA:43,7,1,0
BRDA:43,8,0,17
BRDA:43,8,1,17
BRDA:43,8,2,17
BRDA:44,9,0,9
BRDA:44,9,1,8
BRDA:55,10,0,0
BRDA:55,10,1,4
BRDA:58,11,0,2
BRDA:58,11,1,2
BRDA:68,12,0,3
BRDA:68,12,1,8
BRDA:70,13,0,27
BRDA:70,13,1,0
BRDA:71,14,0,2
BRDA:71,14,1,25
BRDA:74,15,0,2
BRDA:74,15,1,2
BRDA:90,16,0,0
BRDA:90,16,1,3
BRDA:93,17,0,1
BRDA:93,17,1,2
BRDA:105,18,0,26
BRDA:105,18,1,0
BRDA:114,19,0,14
BRDA:114,19,1,0
BRDA:121,20,0,2
BRDA:121,20,1,16
BRDA:128,21,0,1
BRDA:128,21,1,0
BRDA:134,22,0,24
BRDA:134,22,1,3
BRDA:143,23,0,104
BRDA:143,23,1,104
BRDA:147,24,0,1
BRDA:147,24,1,0
BRDA:147,25,0,1
BRDA:147,25,1,1
BRF:51
BRH:41
end_of_record
